14:31:49 INFO  : Registering command handlers for Vitis TCF services
14:31:49 INFO  : Launching XSCT server: xsct.bat -n  -interactive C:\Users\freed\Desktop\BlueScreen66\Atelier2\temp_xsdb_launch_script.tcl
14:31:52 INFO  : XSCT server has started successfully.
14:31:52 INFO  : Platform repository initialization has completed.
14:31:52 INFO  : plnx-install-location is set to ''
14:31:52 INFO  : Successfully done setting XSCT server connection channel  
14:31:52 INFO  : Successfully done query RDI_DATADIR 
14:31:52 INFO  : Successfully done setting workspace for the tool. 
14:32:07 INFO  : Platform 'Atelier2_bd_wrapper' is added to custom repositories.
14:32:54 INFO  : Launching XSCT server: xsct.bat -n  -interactive C:\Users\freed\Desktop\BlueScreen66\Atelier2\temp_xsdb_launch_script.tcl
14:32:55 INFO  : Registering command handlers for Vitis TCF services
14:32:56 INFO  : XSCT server has started successfully.
14:32:57 INFO  : Successfully done setting XSCT server connection channel  
14:32:57 INFO  : plnx-install-location is set to ''
14:32:57 INFO  : Successfully done query RDI_DATADIR 
14:32:57 INFO  : Successfully done setting workspace for the tool. 
14:32:57 INFO  : Platform repository initialization has completed.
14:35:38 INFO  : Launching XSCT server: xsct.bat -n  -interactive C:\Users\freed\Desktop\BlueScreen66\Atelier2\temp_xsdb_launch_script.tcl
14:35:39 INFO  : Registering command handlers for Vitis TCF services
14:35:40 INFO  : XSCT server has started successfully.
14:35:41 INFO  : Successfully done setting XSCT server connection channel  
14:35:41 INFO  : plnx-install-location is set to ''
14:35:41 INFO  : Successfully done query RDI_DATADIR 
14:35:41 INFO  : Successfully done setting workspace for the tool. 
14:35:41 INFO  : Platform repository initialization has completed.
14:36:39 INFO  : Launching XSCT server: xsct.bat -n  -interactive C:\Users\freed\Desktop\BlueScreen66\Atelier2\temp_xsdb_launch_script.tcl
14:36:39 INFO  : Registering command handlers for Vitis TCF services
14:36:41 INFO  : XSCT server has started successfully.
14:36:41 INFO  : Successfully done setting XSCT server connection channel  
14:36:41 INFO  : plnx-install-location is set to ''
14:36:41 INFO  : Successfully done setting workspace for the tool. 
14:36:41 INFO  : Successfully done query RDI_DATADIR 
14:36:41 INFO  : Platform repository initialization has completed.
